<?xml version="1.0" encoding="UTF-8"?>
<!-- Generated by org.testng.reporters.JUnitReportReporter -->
<testsuite skipped="0" hostname="IN-FCM00Z2" name="com.abhishek.appium_project.GeckoDriverDemo" tests="1" failures="0" timestamp="2019-11-01T17:52:33 IST" time="11.242" errors="0">
  <testcase name="navigateToUrl" time="11.242" classname="com.abhishek.appium_project.GeckoDriverDemo"/>
</testsuite> <!-- com.abhishek.appium_project.GeckoDriverDemo -->
